2017/11/21 1:26:07 にビルドを開始しました。
     1>ノード 2 上のプロジェクト "E:\Programs\BIRDMANEX\NEW_BIRDMAN_EX\NEW_BIRDMAN_EX\NEW_BIRDMAN_EX.vcxproj" (Build ターゲット)。
     1>ClCompile:
         E:\Program Files (x86)\VC\bin\CL.exe /c /I"C:\DxLib_VC\プロジェクトに追加すべきファイル_VC用" /ZI /nologo /W3 /WX- /sdl /Od /Oy- /D WIN32 /D _DEBUG /D _WINDOWS /D _MBCS /Gm /EHsc /RTC1 /MTd /GS /fp:precise /Zc:wchar_t /Zc:forScope /Fo"Debug\\" /Fd"Debug\vc110.pdb" /Gd /TP /analyze- /errorReport:prompt DebugMode.cpp Main.cpp sceneGMain.cpp sceneTitle.cpp
         DebugMode.cpp
         コードを生成中...
         コンパイル中...
         sceneTitle.cpp
         sceneGMain.cpp
     1>e:\programs\birdmanex\new_birdman_ex\new_birdman_ex\scenegmain.cpp(76): warning C4101: 'cChangeVar' : ローカル変数は 1 度も使われていません。
         Main.cpp
         コードを生成中...
       Link:
         E:\Program Files (x86)\VC\bin\link.exe /ERRORREPORT:PROMPT /OUT:"E:\Programs\BIRDMANEX\NEW_BIRDMAN_EX\Debug\NEW_BIRDMAN_EX.exe" /INCREMENTAL /NOLOGO /LIBPATH:"C:\DxLib_VC\プロジェクトに追加すべきファイル_VC用" kernel32.lib user32.lib gdi32.lib winspool.lib comdlg32.lib advapi32.lib shell32.lib ole32.lib oleaut32.lib uuid.lib odbc32.lib odbccp32.lib /MANIFEST /MANIFESTUAC:"level='asInvoker' uiAccess='false'" /manifest:embed /DEBUG /PDB:"E:\Programs\BIRDMANEX\NEW_BIRDMAN_EX\Debug\NEW_BIRDMAN_EX.pdb" /SUBSYSTEM:WINDOWS /TLBID:1 /DYNAMICBASE /NXCOMPAT /IMPLIB:"E:\Programs\BIRDMANEX\NEW_BIRDMAN_EX\Debug\NEW_BIRDMAN_EX.lib" /MACHINE:X86 Debug\DebugMode.obj
         Debug\Main.obj
         Debug\GMain1P.obj
         Debug\GMain2P.obj
         Debug\GMainUI.obj
         Debug\sceneGMain.obj
         Debug\sceneTitle.obj
         Debug\titleDescribe.obj
         Debug\titleSelect.obj
         Debug\titleLogo.obj
     1>DebugMode.obj : error LNK2001: 外部シンボル ""public: static int <unnamed-tag>::iNowChar1P" (?iNowChar1P@<unnamed-tag>@@2HA)" は未解決です。
     1>DebugMode.obj : error LNK2001: 外部シンボル ""public: static int <unnamed-tag>::iNowChar2P" (?iNowChar2P@<unnamed-tag>@@2HA)" は未解決です。
     1>DebugMode.obj : error LNK2001: 外部シンボル ""public: static int <unnamed-tag>::iNowStage" (?iNowStage@<unnamed-tag>@@2HA)" は未解決です。
     1>E:\Programs\BIRDMANEX\NEW_BIRDMAN_EX\Debug\NEW_BIRDMAN_EX.exe : fatal error LNK1120: 3 件の未解決の外部参照
     1>プロジェクト "E:\Programs\BIRDMANEX\NEW_BIRDMAN_EX\NEW_BIRDMAN_EX\NEW_BIRDMAN_EX.vcxproj" (Build ターゲット) のビルドが終了しました -- 失敗。

ビルドに失敗しました。

経過時間 00:00:02.97
